This file contains any messages produced by compilers while
running configure, to aid debugging if configure makes a mistake.

It was created by numC configure 0.1, which was
generated by GNU Autoconf 2.69.  Invocation command line was

  $ ./configure --prefix=/home/chanjure/.local/

## --------- ##
## Platform. ##
## --------- ##

hostname = lgtrc
uname -m = x86_64
uname -r = 5.4.0-90-generic
uname -s = Linux
uname -v = #101~18.04.1-Ubuntu SMP Fri Oct 22 09:25:04 UTC 2021

/usr/bin/uname -p = unknown
/bin/uname -X     = unknown

/bin/arch              = unknown
/usr/bin/arch -k       = unknown
/usr/convex/getsysinfo = unknown
/usr/bin/hostinfo      = unknown
/bin/machine           = unknown
/usr/bin/oslevel       = unknown
/bin/universe          = unknown

PATH: /home/chanjure/.local/bin
PATH: /usr/texbin
PATH: /home/chanjure/.local/bin
PATH: /usr/texbin
PATH: /usr/local/sbin
PATH: /usr/local/bin
PATH: /usr/sbin
PATH: /usr/bin
PATH: /sbin
PATH: /bin
PATH: /usr/games
PATH: /usr/local/games
PATH: /snap/bin
PATH: /home/chanjure/Dropbox/devel/MPI/bin
PATH: /home/chanjure/Dropbox/devel/MPI/bin
PATH: /home/chanjure/Dropbox/devel/MPI/bin


## ----------- ##
## Core tests. ##
## ----------- ##

configure:2313: checking for a BSD-compatible install
configure:2381: result: /usr/bin/install -c
configure:2392: checking whether build environment is sane
configure:2447: result: yes
configure:2598: checking for a thread-safe mkdir -p
configure:2637: result: /bin/mkdir -p
configure:2644: checking for gawk
configure:2660: found /usr/bin/gawk
configure:2671: result: gawk
configure:2682: checking whether make sets $(MAKE)
configure:2704: result: yes
configure:2733: checking whether make supports nested variables
configure:2750: result: yes
configure:2906: checking build system type
configure:2920: result: x86_64-pc-linux-gnu
configure:2940: checking host system type
configure:2953: result: x86_64-pc-linux-gnu
configure:2994: checking how to print strings
configure:3021: result: printf
configure:3054: checking for style of include used by make
configure:3082: result: GNU
configure:3153: checking for gcc
configure:3169: found /usr/bin/gcc
configure:3180: result: gcc
configure:3409: checking for C compiler version
configure:3418: gcc --version >&5
gcc (Ubuntu 7.5.0-3ubuntu1~18.04) 7.5.0
Copyright (C) 2017 Free Software Foundation, Inc.
This is free software; see the source for copying conditions.  There is NO
warranty; not even for MERCHANTABILITY or FITNESS FOR A PARTICULAR PURPOSE.

configure:3429: $? = 0
configure:3418: gcc -v >&5
Using built-in specs.
COLLECT_GCC=gcc
COLLECT_LTO_WRAPPER=/usr/lib/gcc/x86_64-linux-gnu/7/lto-wrapper
OFFLOAD_TARGET_NAMES=nvptx-none
OFFLOAD_TARGET_DEFAULT=1
Target: x86_64-linux-gnu
Configured with: ../src/configure -v --with-pkgversion='Ubuntu 7.5.0-3ubuntu1~18.04' --with-bugurl=file:///usr/share/doc/gcc-7/README.Bugs --enable-languages=c,ada,c++,go,brig,d,fortran,objc,obj-c++ --prefix=/usr --with-gcc-major-version-only --program-suffix=-7 --program-prefix=x86_64-linux-gnu- --enable-shared --enable-linker-build-id --libexecdir=/usr/lib --without-included-gettext --enable-threads=posix --libdir=/usr/lib --enable-nls --enable-bootstrap --enable-clocale=gnu --enable-libstdcxx-debug --enable-libstdcxx-time=yes --with-default-libstdcxx-abi=new --enable-gnu-unique-object --disable-vtable-verify --enable-libmpx --enable-plugin --enable-default-pie --with-system-zlib --with-target-system-zlib --enable-objc-gc=auto --enable-multiarch --disable-werror --with-arch-32=i686 --with-abi=m64 --with-multilib-list=m32,m64,mx32 --enable-multilib --with-tune=generic --enable-offload-targets=nvptx-none --without-cuda-driver --enable-checking=release --build=x86_64-linux-gnu --host=x86_64-linux-gnu --target=x86_64-linux-gnu
Thread model: posix
gcc version 7.5.0 (Ubuntu 7.5.0-3ubuntu1~18.04) 
configure:3429: $? = 0
configure:3418: gcc -V >&5
gcc: error: unrecognized command line option '-V'
gcc: fatal error: no input files
compilation terminated.
configure:3429: $? = 1
configure:3418: gcc -qversion >&5
gcc: error: unrecognized command line option '-qversion'; did you mean '--version'?
gcc: fatal error: no input files
compilation terminated.
configure:3429: $? = 1
configure:3449: checking whether the C compiler works
configure:3471: gcc    conftest.c  >&5
configure:3475: $? = 0
configure:3523: result: yes
configure:3526: checking for C compiler default output file name
configure:3528: result: a.out
configure:3534: checking for suffix of executables
configure:3541: gcc -o conftest    conftest.c  >&5
configure:3545: $? = 0
configure:3567: result: 
configure:3589: checking whether we are cross compiling
configure:3597: gcc -o conftest    conftest.c  >&5
configure:3601: $? = 0
configure:3608: ./conftest
configure:3612: $? = 0
configure:3627: result: no
configure:3632: checking for suffix of object files
configure:3654: gcc -c   conftest.c >&5
configure:3658: $? = 0
configure:3679: result: o
configure:3683: checking whether we are using the GNU C compiler
configure:3702: gcc -c   conftest.c >&5
configure:3702: $? = 0
configure:3711: result: yes
configure:3720: checking whether gcc accepts -g
configure:3740: gcc -c -g  conftest.c >&5
configure:3740: $? = 0
configure:3781: result: yes
configure:3798: checking for gcc option to accept ISO C89
configure:3861: gcc  -c -g -O2  conftest.c >&5
configure:3861: $? = 0
configure:3874: result: none needed
configure:3899: checking whether gcc understands -c and -o together
configure:3921: gcc -c conftest.c -o conftest2.o
configure:3924: $? = 0
configure:3921: gcc -c conftest.c -o conftest2.o
configure:3924: $? = 0
configure:3936: result: yes
configure:3955: checking dependency style of gcc
configure:4066: result: gcc3
configure:4081: checking for a sed that does not truncate output
configure:4145: result: /bin/sed
configure:4163: checking for grep that handles long lines and -e
configure:4221: result: /bin/grep
configure:4226: checking for egrep
configure:4288: result: /bin/grep -E
configure:4293: checking for fgrep
configure:4355: result: /bin/grep -F
configure:4390: checking for ld used by gcc
configure:4457: result: /usr/bin/ld
configure:4464: checking if the linker (/usr/bin/ld) is GNU ld
configure:4479: result: yes
configure:4491: checking for BSD- or MS-compatible name lister (nm)
configure:4545: result: /usr/bin/nm -B
configure:4675: checking the name lister (/usr/bin/nm -B) interface
configure:4682: gcc -c -g -O2  conftest.c >&5
configure:4685: /usr/bin/nm -B "conftest.o"
configure:4688: output
0000000000000000 B some_variable
configure:4695: result: BSD nm
configure:4698: checking whether ln -s works
configure:4702: result: yes
configure:4710: checking the maximum length of command line arguments
configure:4841: result: 1572864
configure:4889: checking how to convert x86_64-pc-linux-gnu file names to x86_64-pc-linux-gnu format
configure:4929: result: func_convert_file_noop
configure:4936: checking how to convert x86_64-pc-linux-gnu file names to toolchain format
configure:4956: result: func_convert_file_noop
configure:4963: checking for /usr/bin/ld option to reload object files
configure:4970: result: -r
configure:5044: checking for objdump
configure:5060: found /usr/bin/objdump
configure:5071: result: objdump
configure:5103: checking how to recognize dependent libraries
configure:5303: result: pass_all
configure:5388: checking for dlltool
configure:5418: result: no
configure:5448: checking how to associate runtime and link libraries
configure:5475: result: printf %s\n
configure:5536: checking for ar
configure:5552: found /usr/bin/ar
configure:5563: result: ar
configure:5600: checking for archiver @FILE support
configure:5617: gcc -c -g -O2  conftest.c >&5
configure:5617: $? = 0
configure:5620: ar cru libconftest.a @conftest.lst >&5
ar: `u' modifier ignored since `D' is the default (see `U')
configure:5623: $? = 0
configure:5628: ar cru libconftest.a @conftest.lst >&5
ar: `u' modifier ignored since `D' is the default (see `U')
ar: conftest.o: No such file or directory
configure:5631: $? = 1
configure:5643: result: @
configure:5701: checking for strip
configure:5717: found /usr/bin/strip
configure:5728: result: strip
configure:5800: checking for ranlib
configure:5816: found /usr/bin/ranlib
configure:5827: result: ranlib
configure:5929: checking command to parse /usr/bin/nm -B output from gcc object
configure:6082: gcc -c -g -O2  conftest.c >&5
configure:6085: $? = 0
configure:6089: /usr/bin/nm -B conftest.o \| sed -n -e 's/^.*[ ]\([ABCDGIRSTW][ABCDGIRSTW]*\)[ ][ ]*\([_A-Za-z][_A-Za-z0-9]*\)$/\1 \2 \2/p' | sed '/ __gnu_lto/d' \> conftest.nm
configure:6092: $? = 0
configure:6158: gcc -o conftest -g -O2   conftest.c conftstm.o >&5
configure:6161: $? = 0
configure:6199: result: ok
configure:6246: checking for sysroot
configure:6276: result: no
configure:6283: checking for a working dd
configure:6321: result: /bin/dd
configure:6325: checking how to truncate binary pipes
configure:6340: result: /bin/dd bs=4096 count=1
configure:6476: gcc -c -g -O2  conftest.c >&5
configure:6479: $? = 0
configure:6669: checking for mt
configure:6685: found /bin/mt
configure:6696: result: mt
configure:6719: checking if mt is a manifest tool
configure:6725: mt '-?'
configure:6733: result: no
configure:7410: checking how to run the C preprocessor
configure:7441: gcc -E  conftest.c
configure:7441: $? = 0
configure:7455: gcc -E  conftest.c
conftest.c:11:10: fatal error: ac_nonexistent.h: No such file or directory
 #include <ac_nonexistent.h>
          ^~~~~~~~~~~~~~~~~~
compilation terminated.
configure:7455: $? = 1
configure: failed program was:
| /* confdefs.h */
| #define PACKAGE_NAME "numC"
| #define PACKAGE_TARNAME "numc"
| #define PACKAGE_VERSION "0.1"
| #define PACKAGE_STRING "numC 0.1"
| #define PACKAGE_BUGREPORT "chanjure@snu.ac.kr"
| #define PACKAGE_URL ""
| #define PACKAGE "numC"
| #define VERSION "0.1"
| /* end confdefs.h.  */
| #include <ac_nonexistent.h>
configure:7480: result: gcc -E
configure:7500: gcc -E  conftest.c
configure:7500: $? = 0
configure:7514: gcc -E  conftest.c
conftest.c:11:10: fatal error: ac_nonexistent.h: No such file or directory
 #include <ac_nonexistent.h>
          ^~~~~~~~~~~~~~~~~~
compilation terminated.
configure:7514: $? = 1
configure: failed program was:
| /* confdefs.h */
| #define PACKAGE_NAME "numC"
| #define PACKAGE_TARNAME "numc"
| #define PACKAGE_VERSION "0.1"
| #define PACKAGE_STRING "numC 0.1"
| #define PACKAGE_BUGREPORT "chanjure@snu.ac.kr"
| #define PACKAGE_URL ""
| #define PACKAGE "numC"
| #define VERSION "0.1"
| /* end confdefs.h.  */
| #include <ac_nonexistent.h>
configure:7543: checking for ANSI C header files
configure:7563: gcc -c -g -O2  conftest.c >&5
configure:7563: $? = 0
configure:7636: gcc -o conftest -g -O2   conftest.c  >&5
configure:7636: $? = 0
configure:7636: ./conftest
configure:7636: $? = 0
configure:7647: result: yes
configure:7660: checking for sys/types.h
configure:7660: gcc -c -g -O2  conftest.c >&5
configure:7660: $? = 0
configure:7660: result: yes
configure:7660: checking for sys/stat.h
configure:7660: gcc -c -g -O2  conftest.c >&5
configure:7660: $? = 0
configure:7660: result: yes
configure:7660: checking for stdlib.h
configure:7660: gcc -c -g -O2  conftest.c >&5
configure:7660: $? = 0
configure:7660: result: yes
configure:7660: checking for string.h
configure:7660: gcc -c -g -O2  conftest.c >&5
configure:7660: $? = 0
configure:7660: result: yes
configure:7660: checking for memory.h
configure:7660: gcc -c -g -O2  conftest.c >&5
configure:7660: $? = 0
configure:7660: result: yes
configure:7660: checking for strings.h
configure:7660: gcc -c -g -O2  conftest.c >&5
configure:7660: $? = 0
configure:7660: result: yes
configure:7660: checking for inttypes.h
configure:7660: gcc -c -g -O2  conftest.c >&5
configure:7660: $? = 0
configure:7660: result: yes
configure:7660: checking for stdint.h
configure:7660: gcc -c -g -O2  conftest.c >&5
configure:7660: $? = 0
configure:7660: result: yes
configure:7660: checking for unistd.h
configure:7660: gcc -c -g -O2  conftest.c >&5
configure:7660: $? = 0
configure:7660: result: yes
configure:7674: checking for dlfcn.h
configure:7674: gcc -c -g -O2  conftest.c >&5
configure:7674: $? = 0
configure:7674: result: yes
configure:7930: checking for objdir
configure:7945: result: .libs
configure:8209: checking if gcc supports -fno-rtti -fno-exceptions
configure:8227: gcc -c -g -O2  -fno-rtti -fno-exceptions conftest.c >&5
cc1: warning: command line option '-fno-rtti' is valid for C++/ObjC++ but not for C
configure:8231: $? = 0
configure:8244: result: no
configure:8602: checking for gcc option to produce PIC
configure:8609: result: -fPIC -DPIC
configure:8617: checking if gcc PIC flag -fPIC -DPIC works
configure:8635: gcc -c -g -O2  -fPIC -DPIC -DPIC conftest.c >&5
configure:8639: $? = 0
configure:8652: result: yes
configure:8681: checking if gcc static flag -static works
configure:8709: result: yes
configure:8724: checking if gcc supports -c -o file.o
configure:8745: gcc -c -g -O2  -o out/conftest2.o conftest.c >&5
configure:8749: $? = 0
configure:8771: result: yes
configure:8779: checking if gcc supports -c -o file.o
configure:8826: result: yes
configure:8859: checking whether the gcc linker (/usr/bin/ld -m elf_x86_64) supports shared libraries
configure:10122: result: yes
configure:10159: checking whether -lc should be explicitly linked in
configure:10167: gcc -c -g -O2  conftest.c >&5
configure:10170: $? = 0
configure:10185: gcc -shared  -fPIC -DPIC conftest.o  -v -Wl,-soname -Wl,conftest -o conftest 2\>\&1 \| /bin/grep  -lc  \>/dev/null 2\>\&1
configure:10188: $? = 0
configure:10202: result: no
configure:10362: checking dynamic linker characteristics
configure:10943: gcc -o conftest -g -O2   -Wl,-rpath -Wl,/foo conftest.c  >&5
configure:10943: $? = 0
configure:11192: result: GNU/Linux ld.so
configure:11314: checking how to hardcode library paths into programs
configure:11339: result: immediate
configure:11887: checking whether stripping libraries is possible
configure:11892: result: yes
configure:11927: checking if libtool supports shared libraries
configure:11929: result: yes
configure:11932: checking whether to build shared libraries
configure:11957: result: yes
configure:11960: checking whether to build static libraries
configure:11964: result: yes
configure:12065: checking for g++
configure:12081: found /usr/bin/g++
configure:12092: result: g++
configure:12119: checking for C++ compiler version
configure:12128: g++ --version >&5
g++ (Ubuntu 7.5.0-3ubuntu1~18.04) 7.5.0
Copyright (C) 2017 Free Software Foundation, Inc.
This is free software; see the source for copying conditions.  There is NO
warranty; not even for MERCHANTABILITY or FITNESS FOR A PARTICULAR PURPOSE.

configure:12139: $? = 0
configure:12128: g++ -v >&5
Using built-in specs.
COLLECT_GCC=g++
COLLECT_LTO_WRAPPER=/usr/lib/gcc/x86_64-linux-gnu/7/lto-wrapper
OFFLOAD_TARGET_NAMES=nvptx-none
OFFLOAD_TARGET_DEFAULT=1
Target: x86_64-linux-gnu
Configured with: ../src/configure -v --with-pkgversion='Ubuntu 7.5.0-3ubuntu1~18.04' --with-bugurl=file:///usr/share/doc/gcc-7/README.Bugs --enable-languages=c,ada,c++,go,brig,d,fortran,objc,obj-c++ --prefix=/usr --with-gcc-major-version-only --program-suffix=-7 --program-prefix=x86_64-linux-gnu- --enable-shared --enable-linker-build-id --libexecdir=/usr/lib --without-included-gettext --enable-threads=posix --libdir=/usr/lib --enable-nls --enable-bootstrap --enable-clocale=gnu --enable-libstdcxx-debug --enable-libstdcxx-time=yes --with-default-libstdcxx-abi=new --enable-gnu-unique-object --disable-vtable-verify --enable-libmpx --enable-plugin --enable-default-pie --with-system-zlib --with-target-system-zlib --enable-objc-gc=auto --enable-multiarch --disable-werror --with-arch-32=i686 --with-abi=m64 --with-multilib-list=m32,m64,mx32 --enable-multilib --with-tune=generic --enable-offload-targets=nvptx-none --without-cuda-driver --enable-checking=release --build=x86_64-linux-gnu --host=x86_64-linux-gnu --target=x86_64-linux-gnu
Thread model: posix
gcc version 7.5.0 (Ubuntu 7.5.0-3ubuntu1~18.04) 
configure:12139: $? = 0
configure:12128: g++ -V >&5
g++: error: unrecognized command line option '-V'
g++: fatal error: no input files
compilation terminated.
configure:12139: $? = 1
configure:12128: g++ -qversion >&5
g++: error: unrecognized command line option '-qversion'; did you mean '--version'?
g++: fatal error: no input files
compilation terminated.
configure:12139: $? = 1
configure:12143: checking whether we are using the GNU C++ compiler
configure:12162: g++ -c   conftest.cpp >&5
configure:12162: $? = 0
configure:12171: result: yes
configure:12180: checking whether g++ accepts -g
configure:12200: g++ -c -g  conftest.cpp >&5
configure:12200: $? = 0
configure:12241: result: yes
configure:12266: checking dependency style of g++
configure:12377: result: gcc3
configure:12410: checking how to run the C++ preprocessor
configure:12437: g++ -E  conftest.cpp
configure:12437: $? = 0
configure:12451: g++ -E  conftest.cpp
conftest.cpp:23:10: fatal error: ac_nonexistent.h: No such file or directory
 #include <ac_nonexistent.h>
          ^~~~~~~~~~~~~~~~~~
compilation terminated.
configure:12451: $? = 1
configure: failed program was:
| /* confdefs.h */
| #define PACKAGE_NAME "numC"
| #define PACKAGE_TARNAME "numc"
| #define PACKAGE_VERSION "0.1"
| #define PACKAGE_STRING "numC 0.1"
| #define PACKAGE_BUGREPORT "chanjure@snu.ac.kr"
| #define PACKAGE_URL ""
| #define PACKAGE "numC"
| #define VERSION "0.1"
| #define STDC_HEADERS 1
| #define HAVE_SYS_TYPES_H 1
| #define HAVE_SYS_STAT_H 1
| #define HAVE_STDLIB_H 1
| #define HAVE_STRING_H 1
| #define HAVE_MEMORY_H 1
| #define HAVE_STRINGS_H 1
| #define HAVE_INTTYPES_H 1
| #define HAVE_STDINT_H 1
| #define HAVE_UNISTD_H 1
| #define HAVE_DLFCN_H 1
| #define LT_OBJDIR ".libs/"
| /* end confdefs.h.  */
| #include <ac_nonexistent.h>
configure:12476: result: g++ -E
configure:12496: g++ -E  conftest.cpp
configure:12496: $? = 0
configure:12510: g++ -E  conftest.cpp
conftest.cpp:23:10: fatal error: ac_nonexistent.h: No such file or directory
 #include <ac_nonexistent.h>
          ^~~~~~~~~~~~~~~~~~
compilation terminated.
configure:12510: $? = 1
configure: failed program was:
| /* confdefs.h */
| #define PACKAGE_NAME "numC"
| #define PACKAGE_TARNAME "numc"
| #define PACKAGE_VERSION "0.1"
| #define PACKAGE_STRING "numC 0.1"
| #define PACKAGE_BUGREPORT "chanjure@snu.ac.kr"
| #define PACKAGE_URL ""
| #define PACKAGE "numC"
| #define VERSION "0.1"
| #define STDC_HEADERS 1
| #define HAVE_SYS_TYPES_H 1
| #define HAVE_SYS_STAT_H 1
| #define HAVE_STDLIB_H 1
| #define HAVE_STRING_H 1
| #define HAVE_MEMORY_H 1
| #define HAVE_STRINGS_H 1
| #define HAVE_INTTYPES_H 1
| #define HAVE_STDINT_H 1
| #define HAVE_UNISTD_H 1
| #define HAVE_DLFCN_H 1
| #define LT_OBJDIR ".libs/"
| /* end confdefs.h.  */
| #include <ac_nonexistent.h>
configure:12672: checking for ld used by g++
configure:12739: result: /usr/bin/ld -m elf_x86_64
configure:12746: checking if the linker (/usr/bin/ld -m elf_x86_64) is GNU ld
configure:12761: result: yes
configure:12816: checking whether the g++ linker (/usr/bin/ld -m elf_x86_64) supports shared libraries
configure:13889: result: yes
configure:13925: g++ -c -g -O2  conftest.cpp >&5
configure:13928: $? = 0
configure:14409: checking for g++ option to produce PIC
configure:14416: result: -fPIC -DPIC
configure:14424: checking if g++ PIC flag -fPIC -DPIC works
configure:14442: g++ -c -g -O2  -fPIC -DPIC -DPIC conftest.cpp >&5
configure:14446: $? = 0
configure:14459: result: yes
configure:14482: checking if g++ static flag -static works
configure:14510: result: yes
configure:14522: checking if g++ supports -c -o file.o
configure:14543: g++ -c -g -O2  -o out/conftest2.o conftest.cpp >&5
configure:14547: $? = 0
configure:14569: result: yes
configure:14574: checking if g++ supports -c -o file.o
configure:14621: result: yes
configure:14651: checking whether the g++ linker (/usr/bin/ld -m elf_x86_64) supports shared libraries
configure:14694: result: yes
configure:14835: checking dynamic linker characteristics
configure:15592: result: GNU/Linux ld.so
configure:15657: checking how to hardcode library paths into programs
configure:15682: result: immediate
configure:15770: checking for gcc
configure:15797: result: gcc
configure:16026: checking for C compiler version
configure:16035: gcc --version >&5
gcc (Ubuntu 7.5.0-3ubuntu1~18.04) 7.5.0
Copyright (C) 2017 Free Software Foundation, Inc.
This is free software; see the source for copying conditions.  There is NO
warranty; not even for MERCHANTABILITY or FITNESS FOR A PARTICULAR PURPOSE.

configure:16046: $? = 0
configure:16035: gcc -v >&5
Using built-in specs.
COLLECT_GCC=gcc
COLLECT_LTO_WRAPPER=/usr/lib/gcc/x86_64-linux-gnu/7/lto-wrapper
OFFLOAD_TARGET_NAMES=nvptx-none
OFFLOAD_TARGET_DEFAULT=1
Target: x86_64-linux-gnu
Configured with: ../src/configure -v --with-pkgversion='Ubuntu 7.5.0-3ubuntu1~18.04' --with-bugurl=file:///usr/share/doc/gcc-7/README.Bugs --enable-languages=c,ada,c++,go,brig,d,fortran,objc,obj-c++ --prefix=/usr --with-gcc-major-version-only --program-suffix=-7 --program-prefix=x86_64-linux-gnu- --enable-shared --enable-linker-build-id --libexecdir=/usr/lib --without-included-gettext --enable-threads=posix --libdir=/usr/lib --enable-nls --enable-bootstrap --enable-clocale=gnu --enable-libstdcxx-debug --enable-libstdcxx-time=yes --with-default-libstdcxx-abi=new --enable-gnu-unique-object --disable-vtable-verify --enable-libmpx --enable-plugin --enable-default-pie --with-system-zlib --with-target-system-zlib --enable-objc-gc=auto --enable-multiarch --disable-werror --with-arch-32=i686 --with-abi=m64 --with-multilib-list=m32,m64,mx32 --enable-multilib --with-tune=generic --enable-offload-targets=nvptx-none --without-cuda-driver --enable-checking=release --build=x86_64-linux-gnu --host=x86_64-linux-gnu --target=x86_64-linux-gnu
Thread model: posix
gcc version 7.5.0 (Ubuntu 7.5.0-3ubuntu1~18.04) 
configure:16046: $? = 0
configure:16035: gcc -V >&5
gcc: error: unrecognized command line option '-V'
gcc: fatal error: no input files
compilation terminated.
configure:16046: $? = 1
configure:16035: gcc -qversion >&5
gcc: error: unrecognized command line option '-qversion'; did you mean '--version'?
gcc: fatal error: no input files
compilation terminated.
configure:16046: $? = 1
configure:16050: checking whether we are using the GNU C compiler
configure:16078: result: yes
configure:16087: checking whether gcc accepts -g
configure:16148: result: yes
configure:16165: checking for gcc option to accept ISO C89
configure:16241: result: none needed
configure:16266: checking whether gcc understands -c and -o together
configure:16303: result: yes
configure:16322: checking dependency style of gcc
configure:16433: result: gcc3
configure:16454: checking for inline
configure:16470: gcc -c -g -O2  conftest.c >&5
configure:16470: $? = 0
configure:16478: result: inline
configure:16610: checking that generated files are newer than configure
configure:16616: result: done
configure:16647: creating ./config.status

## ---------------------- ##
## Running config.status. ##
## ---------------------- ##

This file was extended by numC config.status 0.1, which was
generated by GNU Autoconf 2.69.  Invocation command line was

  CONFIG_FILES    = 
  CONFIG_HEADERS  = 
  CONFIG_LINKS    = 
  CONFIG_COMMANDS = 
  $ ./config.status 

on lgtrc

config.status:1148: creating Makefile
config.status:1148: creating numC/Makefile
config.status:1148: creating config.h
config.status:1377: executing depfiles commands
config.status:1377: executing libtool commands

## ---------------- ##
## Cache variables. ##
## ---------------- ##

ac_cv_build=x86_64-pc-linux-gnu
ac_cv_c_compiler_gnu=yes
ac_cv_c_inline=inline
ac_cv_cxx_compiler_gnu=yes
ac_cv_env_CCC_set=
ac_cv_env_CCC_value=
ac_cv_env_CC_set=
ac_cv_env_CC_value=
ac_cv_env_CFLAGS_set=
ac_cv_env_CFLAGS_value=
ac_cv_env_CPPFLAGS_set=
ac_cv_env_CPPFLAGS_value=
ac_cv_env_CPP_set=
ac_cv_env_CPP_value=
ac_cv_env_CXXCPP_set=
ac_cv_env_CXXCPP_value=
ac_cv_env_CXXFLAGS_set=
ac_cv_env_CXXFLAGS_value=
ac_cv_env_CXX_set=
ac_cv_env_CXX_value=
ac_cv_env_LDFLAGS_set=
ac_cv_env_LDFLAGS_value=
ac_cv_env_LIBS_set=
ac_cv_env_LIBS_value=
ac_cv_env_LT_SYS_LIBRARY_PATH_set=
ac_cv_env_LT_SYS_LIBRARY_PATH_value=
ac_cv_env_build_alias_set=
ac_cv_env_build_alias_value=
ac_cv_env_host_alias_set=
ac_cv_env_host_alias_value=
ac_cv_env_target_alias_set=
ac_cv_env_target_alias_value=
ac_cv_header_dlfcn_h=yes
ac_cv_header_inttypes_h=yes
ac_cv_header_memory_h=yes
ac_cv_header_stdc=yes
ac_cv_header_stdint_h=yes
ac_cv_header_stdlib_h=yes
ac_cv_header_string_h=yes
ac_cv_header_strings_h=yes
ac_cv_header_sys_stat_h=yes
ac_cv_header_sys_types_h=yes
ac_cv_header_unistd_h=yes
ac_cv_host=x86_64-pc-linux-gnu
ac_cv_objext=o
ac_cv_path_EGREP='/bin/grep -E'
ac_cv_path_FGREP='/bin/grep -F'
ac_cv_path_GREP=/bin/grep
ac_cv_path_SED=/bin/sed
ac_cv_path_install='/usr/bin/install -c'
ac_cv_path_lt_DD=/bin/dd
ac_cv_path_mkdir=/bin/mkdir
ac_cv_prog_AWK=gawk
ac_cv_prog_CPP='gcc -E'
ac_cv_prog_CXXCPP='g++ -E'
ac_cv_prog_ac_ct_AR=ar
ac_cv_prog_ac_ct_CC=gcc
ac_cv_prog_ac_ct_CXX=g++
ac_cv_prog_ac_ct_MANIFEST_TOOL=mt
ac_cv_prog_ac_ct_OBJDUMP=objdump
ac_cv_prog_ac_ct_RANLIB=ranlib
ac_cv_prog_ac_ct_STRIP=strip
ac_cv_prog_cc_c89=
ac_cv_prog_cc_g=yes
ac_cv_prog_cxx_g=yes
ac_cv_prog_make_make_set=yes
am_cv_CC_dependencies_compiler_type=gcc3
am_cv_CXX_dependencies_compiler_type=gcc3
am_cv_make_support_nested_variables=yes
am_cv_prog_cc_c_o=yes
lt_cv_ar_at_file=@
lt_cv_archive_cmds_need_lc=no
lt_cv_deplibs_check_method=pass_all
lt_cv_file_magic_cmd='$MAGIC_CMD'
lt_cv_file_magic_test_file=
lt_cv_ld_reload_flag=-r
lt_cv_nm_interface='BSD nm'
lt_cv_objdir=.libs
lt_cv_path_LD=/usr/bin/ld
lt_cv_path_LDCXX='/usr/bin/ld -m elf_x86_64'
lt_cv_path_NM='/usr/bin/nm -B'
lt_cv_path_mainfest_tool=no
lt_cv_prog_compiler_c_o=yes
lt_cv_prog_compiler_c_o_CXX=yes
lt_cv_prog_compiler_pic='-fPIC -DPIC'
lt_cv_prog_compiler_pic_CXX='-fPIC -DPIC'
lt_cv_prog_compiler_pic_works=yes
lt_cv_prog_compiler_pic_works_CXX=yes
lt_cv_prog_compiler_rtti_exceptions=no
lt_cv_prog_compiler_static_works=yes
lt_cv_prog_compiler_static_works_CXX=yes
lt_cv_prog_gnu_ld=yes
lt_cv_prog_gnu_ldcxx=yes
lt_cv_sharedlib_from_linklib_cmd='printf %s\n'
lt_cv_shlibpath_overrides_runpath=yes
lt_cv_sys_global_symbol_pipe='sed -n -e '\''s/^.*[	 ]\([ABCDGIRSTW][ABCDGIRSTW]*\)[	 ][	 ]*\([_A-Za-z][_A-Za-z0-9]*\)$/\1 \2 \2/p'\'' | sed '\''/ __gnu_lto/d'\'''
lt_cv_sys_global_symbol_to_c_name_address='sed -n -e '\''s/^: \(.*\) .*$/  {"\1", (void *) 0},/p'\'' -e '\''s/^[ABCDGIRSTW][ABCDGIRSTW]* .* \(.*\)$/  {"\1", (void *) \&\1},/p'\'''
lt_cv_sys_global_symbol_to_c_name_address_lib_prefix='sed -n -e '\''s/^: \(.*\) .*$/  {"\1", (void *) 0},/p'\'' -e '\''s/^[ABCDGIRSTW][ABCDGIRSTW]* .* \(lib.*\)$/  {"\1", (void *) \&\1},/p'\'' -e '\''s/^[ABCDGIRSTW][ABCDGIRSTW]* .* \(.*\)$/  {"lib\1", (void *) \&\1},/p'\'''
lt_cv_sys_global_symbol_to_cdecl='sed -n -e '\''s/^T .* \(.*\)$/extern int \1();/p'\'' -e '\''s/^[ABCDGIRSTW][ABCDGIRSTW]* .* \(.*\)$/extern char \1;/p'\'''
lt_cv_sys_global_symbol_to_import=
lt_cv_sys_max_cmd_len=1572864
lt_cv_to_host_file_cmd=func_convert_file_noop
lt_cv_to_tool_file_cmd=func_convert_file_noop
lt_cv_truncate_bin='/bin/dd bs=4096 count=1'

## ----------------- ##
## Output variables. ##
## ----------------- ##

ACLOCAL='${SHELL} /home/chanjure/Dropbox/Lab/workspace/Computer/numC/missing aclocal-1.15'
AMDEPBACKSLASH='\'
AMDEP_FALSE='#'
AMDEP_TRUE=''
AMTAR='$${TAR-tar}'
AM_BACKSLASH='\'
AM_DEFAULT_V='$(AM_DEFAULT_VERBOSITY)'
AM_DEFAULT_VERBOSITY='1'
AM_V='$(V)'
AR='ar'
AUTOCONF='${SHELL} /home/chanjure/Dropbox/Lab/workspace/Computer/numC/missing autoconf'
AUTOHEADER='${SHELL} /home/chanjure/Dropbox/Lab/workspace/Computer/numC/missing autoheader'
AUTOMAKE='${SHELL} /home/chanjure/Dropbox/Lab/workspace/Computer/numC/missing automake-1.15'
AWK='gawk'
CC='gcc'
CCDEPMODE='depmode=gcc3'
CFLAGS='-g -O2'
CPP='gcc -E'
CPPFLAGS=''
CXX='g++'
CXXCPP='g++ -E'
CXXDEPMODE='depmode=gcc3'
CXXFLAGS='-g -O2'
CYGPATH_W='echo'
DEFS='-DHAVE_CONFIG_H'
DEPDIR='.deps'
DLLTOOL='false'
DSYMUTIL=''
DUMPBIN=''
ECHO_C=''
ECHO_N='-n'
ECHO_T=''
EGREP='/bin/grep -E'
EXEEXT=''
FGREP='/bin/grep -F'
GREP='/bin/grep'
INSTALL_DATA='${INSTALL} -m 644'
INSTALL_PROGRAM='${INSTALL}'
INSTALL_SCRIPT='${INSTALL}'
INSTALL_STRIP_PROGRAM='$(install_sh) -c -s'
LD='/usr/bin/ld -m elf_x86_64'
LDFLAGS=''
LIBOBJS=''
LIBS=''
LIBTOOL='$(SHELL) $(top_builddir)/libtool'
LIPO=''
LN_S='ln -s'
LTLIBOBJS=''
LT_SYS_LIBRARY_PATH=''
MAKEINFO='${SHELL} /home/chanjure/Dropbox/Lab/workspace/Computer/numC/missing makeinfo'
MANIFEST_TOOL=':'
MKDIR_P='/bin/mkdir -p'
NM='/usr/bin/nm -B'
NMEDIT=''
OBJDUMP='objdump'
OBJEXT='o'
OTOOL64=''
OTOOL=''
PACKAGE='numC'
PACKAGE_BUGREPORT='chanjure@snu.ac.kr'
PACKAGE_NAME='numC'
PACKAGE_STRING='numC 0.1'
PACKAGE_TARNAME='numc'
PACKAGE_URL=''
PACKAGE_VERSION='0.1'
PATH_SEPARATOR=':'
RANLIB='ranlib'
SED='/bin/sed'
SET_MAKE=''
SHELL='/bin/bash'
STRIP='strip'
VERSION='0.1'
ac_ct_AR='ar'
ac_ct_CC='gcc'
ac_ct_CXX='g++'
ac_ct_DUMPBIN=''
am__EXEEXT_FALSE=''
am__EXEEXT_TRUE='#'
am__fastdepCC_FALSE='#'
am__fastdepCC_TRUE=''
am__fastdepCXX_FALSE='#'
am__fastdepCXX_TRUE=''
am__include='include'
am__isrc=''
am__leading_dot='.'
am__nodep='_no'
am__quote=''
am__tar='$${TAR-tar} chof - "$$tardir"'
am__untar='$${TAR-tar} xf -'
bindir='${exec_prefix}/bin'
build='x86_64-pc-linux-gnu'
build_alias=''
build_cpu='x86_64'
build_os='linux-gnu'
build_vendor='pc'
datadir='${datarootdir}'
datarootdir='${prefix}/share'
docdir='${datarootdir}/doc/${PACKAGE_TARNAME}'
dvidir='${docdir}'
exec_prefix='${prefix}'
host='x86_64-pc-linux-gnu'
host_alias=''
host_cpu='x86_64'
host_os='linux-gnu'
host_vendor='pc'
htmldir='${docdir}'
includedir='${prefix}/include'
infodir='${datarootdir}/info'
install_sh='${SHELL} /home/chanjure/Dropbox/Lab/workspace/Computer/numC/install-sh'
libdir='${exec_prefix}/lib'
libexecdir='${exec_prefix}/libexec'
localedir='${datarootdir}/locale'
localstatedir='${prefix}/var'
mandir='${datarootdir}/man'
mkdir_p='$(MKDIR_P)'
oldincludedir='/usr/include'
pdfdir='${docdir}'
prefix='/home/chanjure/.local'
program_transform_name='s,x,x,'
psdir='${docdir}'
runstatedir='${localstatedir}/run'
sbindir='${exec_prefix}/sbin'
sharedstatedir='${prefix}/com'
sysconfdir='${prefix}/etc'
target_alias=''

## ----------- ##
## confdefs.h. ##
## ----------- ##

/* confdefs.h */
#define PACKAGE_NAME "numC"
#define PACKAGE_TARNAME "numc"
#define PACKAGE_VERSION "0.1"
#define PACKAGE_STRING "numC 0.1"
#define PACKAGE_BUGREPORT "chanjure@snu.ac.kr"
#define PACKAGE_URL ""
#define PACKAGE "numC"
#define VERSION "0.1"
#define STDC_HEADERS 1
#define HAVE_SYS_TYPES_H 1
#define HAVE_SYS_STAT_H 1
#define HAVE_STDLIB_H 1
#define HAVE_STRING_H 1
#define HAVE_MEMORY_H 1
#define HAVE_STRINGS_H 1
#define HAVE_INTTYPES_H 1
#define HAVE_STDINT_H 1
#define HAVE_UNISTD_H 1
#define HAVE_DLFCN_H 1
#define LT_OBJDIR ".libs/"

configure: exit 0

## ---------------------- ##
## Running config.status. ##
## ---------------------- ##

This file was extended by numC config.status 0.1, which was
generated by GNU Autoconf 2.69.  Invocation command line was

  CONFIG_FILES    = 
  CONFIG_HEADERS  = 
  CONFIG_LINKS    = 
  CONFIG_COMMANDS = 
  $ ./config.status config.h

on lgtrc

config.status:1148: creating config.h
config.status:1329: config.h is unchanged
